Base path: 'G:/2019.2.12f1/Editor/Data', plugins path 'G:/2019.2.12f1/Editor/Data/PlaybackEngines'
Cmd: initializeCompiler
Cmd: compileComputeKernel
  api=4 insize=12270 outsize=1028 ok=1
Cmd: compileComputeKernel
  api=4 insize=4482 outsize=1831 ok=1
Cmd: compileComputeKernel
  api=4 insize=23621 outsize=4092 ok=1
Cmd: compileComputeKernel
  api=4 insize=27408 outsize=2014 ok=1
Cmd: compileComputeKernel
  api=4 insize=27408 outsize=2973 ok=1
Cmd: compileComputeKernel
  api=4 insize=27408 outsize=1831 ok=1
Cmd: compileComputeKernel
  api=4 insize=27408 outsize=1326 ok=1
Cmd: compileComputeKernel
  api=4 insize=20360 outsize=849 ok=1
Cmd: compileComputeKernel
  api=4 insize=20360 outsize=839 ok=1
Cmd: compileComputeKernel
  api=4 insize=20360 outsize=1354 ok=1
Cmd: compileComputeKernel
  api=4 insize=20360 outsize=1450 ok=1
Cmd: compileComputeKernel
  api=4 insize=20360 outsize=1296 ok=1
Cmd: initializeCompiler
Cmd: compileComputeKernel
  api=4 insize=1957 outsize=559 ok=1

Quitting shader compiler process
