Base path: 'G:/2019.2.12f1/Editor/Data', plugins path 'G:/2019.2.12f1/Editor/Data/PlaybackEngines'
Cmd: initializeCompiler
Cmd: compileComputeKernel
  api=4 insize=12270 outsize=1103 ok=1
Cmd: compileComputeKernel
  api=4 insize=64076 outsize=7425 ok=1
Cmd: compileComputeKernel
  api=4 insize=4482 outsize=1831 ok=1
Cmd: compileComputeKernel
  api=4 insize=23621 outsize=5548 ok=1
Cmd: compileComputeKernel
  api=4 insize=27408 outsize=2062 ok=1
Cmd: compileComputeKernel
  api=4 insize=27408 outsize=1616 ok=1
Cmd: compileComputeKernel
  api=4 insize=27408 outsize=1349 ok=1
Cmd: compileComputeKernel
  api=4 insize=27408 outsize=1379 ok=1
Cmd: compileComputeKernel
  api=4 insize=20360 outsize=706 ok=1
Cmd: compileComputeKernel
  api=4 insize=20360 outsize=791 ok=1
Cmd: compileComputeKernel
  api=4 insize=20360 outsize=1286 ok=1
Cmd: compileComputeKernel
  api=4 insize=20360 outsize=1386 ok=1
Cmd: compileComputeKernel
  api=4 insize=20360 outsize=1305 ok=1
Cmd: compileComputeKernel
  api=4 insize=20360 outsize=1296 ok=1
Cmd: initializeCompiler
Cmd: compileSnippet
  api=4 type=1 insize=1596 outsize=7178 kw=UNITY_PASS_FORWARDBASE DIRECTIONAL SHADOWS_SCREEN LIGHTPROBE_SH _SMOOTHNESS_TEXTURE_ALBEDO_CHANNEL_A pd=UNITY_ENABLE_REFLECTION_BUFFERS UNITY_USE_DITHER_MASK_FOR_ALPHABLENDED_SHADOWS UNITY_PBS_USE_BRDF1 UNITY_SPECCUBE_BOX_PROJECTION UNITY_SPECCUBE_BLENDING UNITY_ENABLE_DETAIL_NORMALMAP SHADER_API_DESKTOP UNITY_COLORSPACE_GAMMA UNITY_LIGHT_PROBE_PROXY_VOLUME UNITY_LIGHTMAP_FULL_HDR ok=1

Quitting shader compiler process
