Base path: 'G:/2019.2.12f1/Editor/Data', plugins path 'G:/2019.2.12f1/Editor/Data/PlaybackEngines'
Cmd: initializeCompiler
Cmd: compileComputeKernel
  api=4 insize=12270 outsize=2118 ok=1
Cmd: compileComputeKernel
  api=4 insize=64076 outsize=2569 ok=1
Cmd: compileComputeKernel
  api=4 insize=4482 outsize=1831 ok=1
Cmd: compileComputeKernel
  api=4 insize=23621 outsize=3252 ok=1
Cmd: compileComputeKernel
  api=4 insize=27408 outsize=2895 ok=1
Cmd: compileComputeKernel
  api=4 insize=27408 outsize=1595 ok=1
Cmd: compileComputeKernel
  api=4 insize=27408 outsize=1296 ok=1
Cmd: compileComputeKernel
  api=4 insize=27408 outsize=1831 ok=1
Cmd: compileComputeKernel
  api=4 insize=27408 outsize=2485 ok=1
Cmd: compileComputeKernel
  api=4 insize=20360 outsize=801 ok=1
Cmd: compileComputeKernel
  api=4 insize=20360 outsize=850 ok=1
Cmd: compileComputeKernel
  api=4 insize=20360 outsize=696 ok=1
Cmd: compileComputeKernel
  api=4 insize=20360 outsize=1306 ok=1
Cmd: compileComputeKernel
  api=4 insize=20360 outsize=1345 ok=1
Cmd: compileComputeKernel
  api=4 insize=20360 outsize=1321 ok=1
Cmd: compileComputeKernel
  api=4 insize=20360 outsize=1762 ok=1
Cmd: initializeCompiler
Cmd: compileSnippet
  api=4 type=1 insize=1596 outsize=7294 kw=UNITY_PASS_FORWARDBASE DIRECTIONAL SHADOWS_SCREEN LIGHTPROBE_SH _EMISSION pd=UNITY_ENABLE_REFLECTION_BUFFERS UNITY_USE_DITHER_MASK_FOR_ALPHABLENDED_SHADOWS UNITY_PBS_USE_BRDF1 UNITY_SPECCUBE_BOX_PROJECTION UNITY_SPECCUBE_BLENDING UNITY_ENABLE_DETAIL_NORMALMAP SHADER_API_DESKTOP UNITY_COLORSPACE_GAMMA UNITY_LIGHT_PROBE_PROXY_VOLUME UNITY_LIGHTMAP_FULL_HDR ok=1
