Base path: 'G:/2019.2.12f1/Editor/Data', plugins path 'G:/2019.2.12f1/Editor/Data/PlaybackEngines'
Cmd: initializeCompiler
Cmd: compileComputeKernel
  api=4 insize=12270 outsize=1004 ok=1
Cmd: compileComputeKernel
  api=4 insize=23621 outsize=9502 ok=1
Cmd: compileComputeKernel
  api=4 insize=27408 outsize=2583 ok=1
Cmd: compileComputeKernel
  api=4 insize=27408 outsize=1368 ok=1
Cmd: compileComputeKernel
  api=4 insize=27408 outsize=1762 ok=1
Cmd: compileComputeKernel
  api=4 insize=27408 outsize=1831 ok=1
Cmd: compileComputeKernel
  api=4 insize=27408 outsize=2226 ok=1
Cmd: compileComputeKernel
  api=4 insize=20360 outsize=754 ok=1
Cmd: compileComputeKernel
  api=4 insize=20360 outsize=768 ok=1
Cmd: compileComputeKernel
  api=4 insize=20360 outsize=1162 ok=1
Cmd: compileComputeKernel
  api=4 insize=20360 outsize=1243 ok=1
Cmd: compileComputeKernel
  api=4 insize=20360 outsize=1368 ok=1
Cmd: compileComputeKernel
  api=4 insize=20360 outsize=1273 ok=1
Cmd: compileComputeKernel
  api=4 insize=20360 outsize=1739 ok=1
Cmd: compileSnippet
  api=4 type=1 insize=11846 outsize=5706 kw=SHADOWS_SPLIT_SPHERES pd=UNITY_ENABLE_REFLECTION_BUFFERS UNITY_USE_DITHER_MASK_FOR_ALPHABLENDED_SHADOWS UNITY_PBS_USE_BRDF1 UNITY_SPECCUBE_BOX_PROJECTION UNITY_SPECCUBE_BLENDING UNITY_ENABLE_DETAIL_NORMALMAP SHADER_API_DESKTOP UNITY_COLORSPACE_GAMMA UNITY_LIGHT_PROBE_PROXY_VOLUME UNITY_LIGHTMAP_FULL_HDR ok=1
Cmd: initializeCompiler

Quitting shader compiler process
